# JRE version: Java(TM) SE Runtime Environment (8.0_131-b11) (build 1.8.0_131-b11)
# Java VM: Java HotSpot(TM) 64-Bit Server VM (25.131-b11 mixed mode windows-amd64 compressed oops)
Heap:
 PSYoungGen      total 349184K, used 151029K [0x00000000e0000000, 0x00000000ffd00000, 0x0000000100000000)
  eden space 313344K, 36% used [0x00000000e0000000,0x00000000e708bcf0,0x00000000f3200000)
  from space 35840K, 99% used [0x00000000f3200000,0x00000000f54f17a8,0x00000000f5500000)
  to   space 103936K, 0% used [0x00000000f9780000,0x00000000f9780000,0x00000000ffd00000)
 ParOldGen       total 1048576K, used 674271K [0x00000000a0000000, 0x00000000e0000000, 0x00000000e0000000)
  object space 1048576K, 64% used [0x00000000a0000000,0x00000000c9277f18,0x00000000e0000000)
 Metaspace       used 158591K, capacity 168764K, committed 170968K, reserved 1198080K
  class space    used 19662K, capacity 21431K, committed 22272K, reserved 1048576K
GC Heap History (10 events):
Event: 5774.174 GC heap before
{Heap before GC invocations=941 (full 46):
 PSYoungGen      total 440832K, used 412838K [0x00000000e0000000, 0x00000000ffb00000, 0x0000000100000000)
  eden space 360960K, 100% used [0x00000000e0000000,0x00000000f6080000,0x00000000f6080000)
  from space 79872K, 64% used [0x00000000fad00000,0x00000000fdfa9a50,0x00000000ffb00000)
  to   space 78336K, 0% used [0x00000000f6080000,0x00000000f6080000,0x00000000fad00000)
 ParOldGen       total 1048576K, used 484949K [0x00000000a0000000, 0x00000000e0000000, 0x00000000e0000000)
  object space 1048576K, 46% used [0x00000000a0000000,0x00000000bd995410,0x00000000e0000000)
 Metaspace       used 158591K, capacity 168764K, committed 170968K, reserved 1198080K
  class space    used 19662K, capacity 21431K, committed 22272K, reserved 1048576K
Event: 5774.188 GC heap after
Heap after GC invocations=941 (full 46):
 PSYoungGen      total 439296K, used 78313K [0x00000000e0000000, 0x0000000100000000, 0x0000000100000000)
  eden space 360960K, 0% used [0x00000000e0000000,0x00000000e0000000,0x00000000f6080000)
  from space 78336K, 99% used [0x00000000f6080000,0x00000000facfa600,0x00000000fad00000)
  to   space 84992K, 0% used [0x00000000fad00000,0x00000000fad00000,0x0000000100000000)
 ParOldGen       total 1048576K, used 546355K [0x00000000a0000000, 0x00000000e0000000, 0x00000000e0000000)
  object space 1048576K, 52% used [0x00000000a0000000,0x00000000c158cc08,0x00000000e0000000)
 Metaspace       used 158591K, capacity 168764K, committed 170968K, reserved 1198080K
  class space    used 19662K, capacity 21431K, committed 22272K, reserved 1048576K
}
Event: 5774.737 GC heap before
{Heap before GC invocations=942 (full 46):
 PSYoungGen      total 439296K, used 439273K [0x00000000e0000000, 0x0000000100000000, 0x0000000100000000)
  eden space 360960K, 100% used [0x00000000e0000000,0x00000000f6080000,0x00000000f6080000)
  from space 78336K, 99% used [0x00000000f6080000,0x00000000facfa600,0x00000000fad00000)
  to   space 84992K, 0% used [0x00000000fad00000,0x00000000fad00000,0x0000000100000000)
 ParOldGen       total 1048576K, used 546417K [0x00000000a0000000, 0x00000000e0000000, 0x00000000e0000000)
  object space 1048576K, 52% used [0x00000000a0000000,0x00000000c159c548,0x00000000e0000000)
 Metaspace       used 158591K, capacity 168764K, committed 170968K, reserved 1198080K
  class space    used 19662K, capacity 21431K, committed 22272K, reserved 1048576K
Event: 5774.751 GC heap after
Heap after GC invocations=942 (full 46):
 PSYoungGen      total 398336K, used 61231K [0x00000000e0000000, 0x0000000100000000, 0x0000000100000000)
  eden space 313344K, 0% used [0x00000000e0000000,0x00000000e0000000,0x00000000f3200000)
  from space 84992K, 72% used [0x00000000fad00000,0x00000000fe8cbfe8,0x0000000100000000)
  to   space 105472K, 0% used [0x00000000f3200000,0x00000000f3200000,0x00000000f9900000)
 ParOldGen       total 1048576K, used 588295K [0x00000000a0000000, 0x00000000e0000000, 0x00000000e0000000)
  object space 1048576K, 56% used [0x00000000a0000000,0x00000000c3e81fd0,0x00000000e0000000)
 Metaspace       used 158591K, capacity 168764K, committed 170968K, reserved 1198080K
  class space    used 19662K, capacity 21431K, committed 22272K, reserved 1048576K
}
Event: 5775.205 GC heap before
{Heap before GC invocations=943 (full 46):
 PSYoungGen      total 398336K, used 374575K [0x00000000e0000000, 0x0000000100000000, 0x0000000100000000)
  eden space 313344K, 100% used [0x00000000e0000000,0x00000000f3200000,0x00000000f3200000)
  from space 84992K, 72% used [0x00000000fad00000,0x00000000fe8cbfe8,0x0000000100000000)
  to   space 105472K, 0% used [0x00000000f3200000,0x00000000f3200000,0x00000000f9900000)
 ParOldGen       total 1048576K, used 590447K [0x00000000a0000000, 0x00000000e0000000, 0x00000000e0000000)
  object space 1048576K, 56% used [0x00000000a0000000,0x00000000c409bf48,0x00000000e0000000)
 Metaspace       used 158591K, capacity 168764K, committed 170968K, reserved 1198080K
  class space    used 19662K, capacity 21431K, committed 22272K, reserved 1048576K
Event: 5775.217 GC heap after
Heap after GC invocations=943 (full 46):
 PSYoungGen      total 341504K, used 27784K [0x00000000e0000000, 0x0000000100000000, 0x0000000100000000)
  eden space 313344K, 0% used [0x00000000e0000000,0x00000000e0000000,0x00000000f3200000)
  from space 28160K, 98% used [0x00000000f3200000,0x00000000f4d22068,0x00000000f4d80000)
  to   space 105984K, 0% used [0x00000000f9880000,0x00000000f9880000,0x0000000100000000)
 ParOldGen       total 1048576K, used 636775K [0x00000000a0000000, 0x00000000e0000000, 0x00000000e0000000)
  object space 1048576K, 60% used [0x00000000a0000000,0x00000000c6dd9c08,0x00000000e0000000)
 Metaspace       used 158591K, capacity 168764K, committed 170968K, reserved 1198080K
  class space    used 19662K, capacity 21431K, committed 22272K, reserved 1048576K
}
Event: 5775.657 GC heap before
{Heap before GC invocations=944 (full 46):
 PSYoungGen      total 341504K, used 341128K [0x00000000e0000000, 0x0000000100000000, 0x0000000100000000)
  eden space 313344K, 100% used [0x00000000e0000000,0x00000000f3200000,0x00000000f3200000)
  from space 28160K, 98% used [0x00000000f3200000,0x00000000f4d22068,0x00000000f4d80000)
  to   space 105984K, 0% used [0x00000000f9880000,0x00000000f9880000,0x0000000100000000)
 ParOldGen       total 1048576K, used 637063K [0x00000000a0000000, 0x00000000e0000000, 0x00000000e0000000)
  object space 1048576K, 60% used [0x00000000a0000000,0x00000000c6e21f18,0x00000000e0000000)
 Metaspace       used 158591K, capacity 168764K, committed 170968K, reserved 1198080K
  class space    used 19662K, capacity 21431K, committed 22272K, reserved 1048576K
Event: 5775.669 GC heap after
Heap after GC invocations=944 (full 46):
 PSYoungGen      total 419328K, used 66941K [0x00000000e0000000, 0x0000000100000000, 0x0000000100000000)
  eden space 313344K, 0% used [0x00000000e0000000,0x00000000e0000000,0x00000000f3200000)
  from space 105984K, 63% used [0x00000000f9880000,0x00000000fd9df770,0x0000000100000000)
  to   space 104960K, 0% used [0x00000000f3200000,0x00000000f3200000,0x00000000f9880000)
 ParOldGen       total 1048576K, used 657207K [0x00000000a0000000, 0x00000000e0000000, 0x00000000e0000000)
  object space 1048576K, 62% used [0x00000000a0000000,0x00000000c81cddc8,0x00000000e0000000)
 Metaspace       used 158591K, capacity 168764K, committed 170968K, reserved 1198080K
  class space    used 19662K, capacity 21431K, committed 22272K, reserved 1048576K
}
Event: 5776.386 GC heap before
{Heap before GC invocations=945 (full 46):
 PSYoungGen      total 419328K, used 380285K [0x00000000e0000000, 0x0000000100000000, 0x0000000100000000)
  eden space 313344K, 100% used [0x00000000e0000000,0x00000000f3200000,0x00000000f3200000)
  from space 105984K, 63% used [0x00000000f9880000,0x00000000fd9df770,0x0000000100000000)
  to   space 104960K, 0% used [0x00000000f3200000,0x00000000f3200000,0x00000000f9880000)
 ParOldGen       total 1048576K, used 657414K [0x00000000a0000000, 0x00000000e0000000, 0x00000000e0000000)
  object space 1048576K, 62% used [0x00000000a0000000,0x00000000c8201bc0,0x00000000e0000000)
 Metaspace       used 158591K, capacity 168764K, committed 170968K, reserved 1198080K
  class space    used 19662K, capacity 21431K, committed 22272K, reserved 1048576K
Event: 5776.397 GC heap after
Heap after GC invocations=945 (full 46):
 PSYoungGen      total 349184K, used 35781K [0x00000000e0000000, 0x00000000ffd00000, 0x0000000100000000)
  eden space 313344K, 0% used [0x00000000e0000000,0x00000000e0000000,0x00000000f3200000)
  from space 35840K, 99% used [0x00000000f3200000,0x00000000f54f17a8,0x00000000f5500000)
  to   space 103936K, 0% used [0x00000000f9780000,0x00000000f9780000,0x00000000ffd00000)
 ParOldGen       total 1048576K, used 674271K [0x00000000a0000000, 0x00000000e0000000, 0x00000000e0000000)
  object space 1048576K, 64% used [0x00000000a0000000,0x00000000c9277f18,0x00000000e0000000)
 Metaspace       used 158591K, capacity 168764K, committed 170968K, reserved 1198080K
  class space    used 19662K, capacity 21431K, committed 22272K, reserved 1048576K
}

